Namespace(exp_name='curvenet_seg16', dataset='shapenetpart', class_choice=None, batch_size=16, test_batch_size=16, epochs=200, use_sgd=False, lr=0.001, momentum=0.9, scheduler='cos', eval=False, num_points=2048, model_path='')
random seed is: 1628
Let's use cuda:0
Train 0, loss: 1.702701, train acc: 0.847184, train avg acc: 0.459313, train iou: 0.697155
Test 0, loss: 1.568787, test acc: 0.880326, test avg acc: 0.616825, test iou: 0.720880, best iou 0.000000
Train 1, loss: 1.506557, train acc: 0.914226, train avg acc: 0.630936, train iou: 0.776510
Test 1, loss: 1.476054, test acc: 0.915903, test avg acc: 0.673554, test iou: 0.772429, best iou 0.720880
Train 2, loss: 1.478252, train acc: 0.923251, train avg acc: 0.671162, train iou: 0.794250
Test 2, loss: 1.465915, test acc: 0.916137, test avg acc: 0.684539, test iou: 0.788807, best iou 0.772429
Train 3, loss: 1.466730, train acc: 0.926606, train avg acc: 0.692811, train iou: 0.804145
Test 3, loss: 1.459220, test acc: 0.924534, test avg acc: 0.704073, test iou: 0.804106, best iou 0.788807
Train 4, loss: 1.457433, train acc: 0.929672, train avg acc: 0.710032, train iou: 0.811659
Test 4, loss: 1.445120, test acc: 0.928141, test avg acc: 0.727476, test iou: 0.807651, best iou 0.804106
Train 5, loss: 1.446620, train acc: 0.932941, train avg acc: 0.725056, train iou: 0.819856
Test 5, loss: 1.430309, test acc: 0.931682, test avg acc: 0.737414, test iou: 0.820892, best iou 0.807651
Train 6, loss: 1.443830, train acc: 0.933790, train avg acc: 0.733324, train iou: 0.821654
Test 6, loss: 1.429843, test acc: 0.932054, test avg acc: 0.743892, test iou: 0.819890, best iou 0.820892
Train 7, loss: 1.438632, train acc: 0.935790, train avg acc: 0.739611, train iou: 0.825277
Test 7, loss: 1.462294, test acc: 0.915573, test avg acc: 0.744570, test iou: 0.808597, best iou 0.820892
Train 8, loss: 1.434376, train acc: 0.937117, train avg acc: 0.750297, train iou: 0.827856
Test 8, loss: 1.433067, test acc: 0.929504, test avg acc: 0.762781, test iou: 0.820072, best iou 0.820892
Train 9, loss: 1.431731, train acc: 0.938112, train avg acc: 0.757251, train iou: 0.830676
Test 9, loss: 1.421645, test acc: 0.935907, test avg acc: 0.764421, test iou: 0.828531, best iou 0.820892
Train 10, loss: 1.427884, train acc: 0.938951, train avg acc: 0.762373, train iou: 0.832886
Test 10, loss: 1.484722, test acc: 0.904400, test avg acc: 0.753469, test iou: 0.781772, best iou 0.828531
Train 11, loss: 1.424816, train acc: 0.940366, train avg acc: 0.770006, train iou: 0.835763
Test 11, loss: 1.422488, test acc: 0.933518, test avg acc: 0.773283, test iou: 0.828187, best iou 0.828531
Train 12, loss: 1.422023, train acc: 0.941374, train avg acc: 0.777986, train iou: 0.838111
Test 12, loss: 1.418020, test acc: 0.935433, test avg acc: 0.784472, test iou: 0.831308, best iou 0.828531
Train 13, loss: 1.420636, train acc: 0.941752, train avg acc: 0.778855, train iou: 0.838650
Test 13, loss: 1.413649, test acc: 0.938193, test avg acc: 0.803960, test iou: 0.838005, best iou 0.831308
Train 14, loss: 1.417140, train acc: 0.943230, train avg acc: 0.787331, train iou: 0.840945
Test 14, loss: 1.418775, test acc: 0.934013, test avg acc: 0.781399, test iou: 0.831688, best iou 0.838005
Train 15, loss: 1.416051, train acc: 0.943281, train avg acc: 0.792047, train iou: 0.841854
Test 15, loss: 1.418574, test acc: 0.936626, test avg acc: 0.779625, test iou: 0.831610, best iou 0.838005
Train 16, loss: 1.413074, train acc: 0.944363, train avg acc: 0.796914, train iou: 0.842685
Test 16, loss: 1.414103, test acc: 0.936887, test avg acc: 0.793554, test iou: 0.833219, best iou 0.838005
Train 17, loss: 1.411172, train acc: 0.945172, train avg acc: 0.803292, train iou: 0.845447
Test 17, loss: 1.417253, test acc: 0.936287, test avg acc: 0.804806, test iou: 0.830844, best iou 0.838005
Train 18, loss: 1.409925, train acc: 0.945630, train avg acc: 0.807922, train iou: 0.846483
Test 18, loss: 1.417201, test acc: 0.936523, test avg acc: 0.798399, test iou: 0.837279, best iou 0.838005
Train 19, loss: 1.407123, train acc: 0.946994, train avg acc: 0.812221, train iou: 0.848817
Test 19, loss: 1.410858, test acc: 0.938102, test avg acc: 0.808445, test iou: 0.838231, best iou 0.838005
Train 20, loss: 1.405734, train acc: 0.947350, train avg acc: 0.813240, train iou: 0.848553
Test 20, loss: 1.410489, test acc: 0.939038, test avg acc: 0.815092, test iou: 0.839080, best iou 0.838231
Train 21, loss: 1.404611, train acc: 0.948086, train avg acc: 0.817484, train iou: 0.850080
Test 21, loss: 1.407454, test acc: 0.940267, test avg acc: 0.830312, test iou: 0.845376, best iou 0.839080
Train 22, loss: 1.404941, train acc: 0.947663, train avg acc: 0.821773, train iou: 0.849977
Test 22, loss: 1.411027, test acc: 0.939005, test avg acc: 0.819029, test iou: 0.836104, best iou 0.845376
Train 23, loss: 1.401855, train acc: 0.948883, train avg acc: 0.823822, train iou: 0.851513
Test 23, loss: 1.414354, test acc: 0.938003, test avg acc: 0.816896, test iou: 0.837681, best iou 0.845376
Train 24, loss: 1.401190, train acc: 0.949036, train avg acc: 0.824566, train iou: 0.851878
Test 24, loss: 1.411269, test acc: 0.938784, test avg acc: 0.821327, test iou: 0.839848, best iou 0.845376
Train 25, loss: 1.399915, train acc: 0.949733, train avg acc: 0.826531, train iou: 0.853278
Test 25, loss: 1.413910, test acc: 0.937381, test avg acc: 0.821422, test iou: 0.841226, best iou 0.845376
Train 26, loss: 1.398426, train acc: 0.950241, train avg acc: 0.832453, train iou: 0.854180
Test 26, loss: 1.412494, test acc: 0.938074, test avg acc: 0.822049, test iou: 0.837315, best iou 0.845376
Train 27, loss: 1.397435, train acc: 0.950554, train avg acc: 0.831651, train iou: 0.855062
Test 27, loss: 1.404121, test acc: 0.942608, test avg acc: 0.824825, test iou: 0.847810, best iou 0.845376
Train 28, loss: 1.397466, train acc: 0.950611, train avg acc: 0.830583, train iou: 0.854249
Test 28, loss: 1.405405, test acc: 0.940976, test avg acc: 0.839915, test iou: 0.848468, best iou 0.847810
Train 29, loss: 1.395320, train acc: 0.951449, train avg acc: 0.838304, train iou: 0.856932
Test 29, loss: 1.409130, test acc: 0.939076, test avg acc: 0.835335, test iou: 0.841355, best iou 0.848468
Train 30, loss: 1.394485, train acc: 0.951773, train avg acc: 0.837065, train iou: 0.857037
Test 30, loss: 1.406977, test acc: 0.940185, test avg acc: 0.836907, test iou: 0.846102, best iou 0.848468
Train 31, loss: 1.393961, train acc: 0.951952, train avg acc: 0.839911, train iou: 0.857794
Test 31, loss: 1.404999, test acc: 0.941074, test avg acc: 0.840092, test iou: 0.845545, best iou 0.848468
Train 32, loss: 1.393727, train acc: 0.951960, train avg acc: 0.838070, train iou: 0.857346
Test 32, loss: 1.412870, test acc: 0.937796, test avg acc: 0.825036, test iou: 0.837820, best iou 0.848468
Train 33, loss: 1.393341, train acc: 0.952350, train avg acc: 0.840950, train iou: 0.857647
Test 33, loss: 1.413247, test acc: 0.938197, test avg acc: 0.817224, test iou: 0.842985, best iou 0.848468
Train 34, loss: 1.391117, train acc: 0.952916, train avg acc: 0.840987, train iou: 0.859874
Test 34, loss: 1.402729, test acc: 0.942796, test avg acc: 0.833792, test iou: 0.849810, best iou 0.848468
Train 35, loss: 1.389005, train acc: 0.954010, train avg acc: 0.847605, train iou: 0.860299
Test 35, loss: 1.406482, test acc: 0.941136, test avg acc: 0.831936, test iou: 0.847597, best iou 0.849810
Train 36, loss: 1.389116, train acc: 0.953794, train avg acc: 0.847261, train iou: 0.860357
Test 36, loss: 1.412386, test acc: 0.937140, test avg acc: 0.833329, test iou: 0.830641, best iou 0.849810
Train 37, loss: 1.390353, train acc: 0.953336, train avg acc: 0.845821, train iou: 0.859275
Test 37, loss: 1.404674, test acc: 0.942130, test avg acc: 0.836670, test iou: 0.846725, best iou 0.849810
Train 38, loss: 1.393998, train acc: 0.951512, train avg acc: 0.834640, train iou: 0.854815
Test 38, loss: 1.403766, test acc: 0.941990, test avg acc: 0.853788, test iou: 0.846821, best iou 0.849810
Train 39, loss: 1.389782, train acc: 0.953552, train avg acc: 0.844640, train iou: 0.859915
Test 39, loss: 1.408379, test acc: 0.940902, test avg acc: 0.837847, test iou: 0.841228, best iou 0.849810
Train 40, loss: 1.386588, train acc: 0.955066, train avg acc: 0.849871, train iou: 0.862276
Test 40, loss: 1.407812, test acc: 0.940727, test avg acc: 0.847127, test iou: 0.846523, best iou 0.849810
Train 41, loss: 1.386253, train acc: 0.955106, train avg acc: 0.850277, train iou: 0.862366
Test 41, loss: 1.404772, test acc: 0.941981, test avg acc: 0.838135, test iou: 0.846999, best iou 0.849810
Train 42, loss: 1.384763, train acc: 0.955581, train avg acc: 0.851936, train iou: 0.864209
Test 42, loss: 1.410910, test acc: 0.940615, test avg acc: 0.833621, test iou: 0.846669, best iou 0.849810
Train 43, loss: 1.385710, train acc: 0.955047, train avg acc: 0.852992, train iou: 0.863049
Test 43, loss: 1.405653, test acc: 0.942284, test avg acc: 0.843132, test iou: 0.850469, best iou 0.849810
Train 44, loss: 1.385412, train acc: 0.955242, train avg acc: 0.852535, train iou: 0.863287
Test 44, loss: 1.402518, test acc: 0.942857, test avg acc: 0.840162, test iou: 0.848266, best iou 0.850469
Train 45, loss: 1.384288, train acc: 0.955885, train avg acc: 0.854122, train iou: 0.864667
Test 45, loss: 1.402132, test acc: 0.943944, test avg acc: 0.851186, test iou: 0.852515, best iou 0.850469
Train 46, loss: 1.382227, train acc: 0.956551, train avg acc: 0.856990, train iou: 0.865786
Test 46, loss: 1.403062, test acc: 0.942562, test avg acc: 0.835007, test iou: 0.850894, best iou 0.852515
Train 47, loss: 1.382406, train acc: 0.956588, train avg acc: 0.858093, train iou: 0.865966
Test 47, loss: 1.412487, test acc: 0.938524, test avg acc: 0.840692, test iou: 0.844774, best iou 0.852515
Train 48, loss: 1.382997, train acc: 0.956177, train avg acc: 0.855025, train iou: 0.864524
Test 48, loss: 1.421136, test acc: 0.933838, test avg acc: 0.845050, test iou: 0.831457, best iou 0.852515
Train 49, loss: 1.380852, train acc: 0.957154, train avg acc: 0.858884, train iou: 0.867397
Test 49, loss: 1.407020, test acc: 0.941369, test avg acc: 0.843866, test iou: 0.839234, best iou 0.852515
Train 50, loss: 1.380334, train acc: 0.957331, train avg acc: 0.860727, train iou: 0.867352
Test 50, loss: 1.397802, test acc: 0.945103, test avg acc: 0.850900, test iou: 0.854961, best iou 0.852515
Train 51, loss: 1.379432, train acc: 0.957721, train avg acc: 0.860757, train iou: 0.868408
Test 51, loss: 1.404059, test acc: 0.943002, test avg acc: 0.858935, test iou: 0.849168, best iou 0.854961
Train 52, loss: 1.378953, train acc: 0.958078, train avg acc: 0.862951, train iou: 0.868653
Test 52, loss: 1.399990, test acc: 0.944444, test avg acc: 0.844099, test iou: 0.854922, best iou 0.854961
Train 53, loss: 1.379801, train acc: 0.957524, train avg acc: 0.860411, train iou: 0.867284
Test 53, loss: 1.404971, test acc: 0.942745, test avg acc: 0.846139, test iou: 0.850580, best iou 0.854961
Train 54, loss: 1.378786, train acc: 0.957928, train avg acc: 0.862322, train iou: 0.867961
Test 54, loss: 1.403581, test acc: 0.943251, test avg acc: 0.854916, test iou: 0.848427, best iou 0.854961
Train 55, loss: 1.377545, train acc: 0.958387, train avg acc: 0.863073, train iou: 0.869651
Test 55, loss: 1.402776, test acc: 0.943155, test avg acc: 0.841769, test iou: 0.851726, best iou 0.854961
Train 56, loss: 1.377383, train acc: 0.958451, train avg acc: 0.864747, train iou: 0.869540
Test 56, loss: 1.402428, test acc: 0.943433, test avg acc: 0.848626, test iou: 0.851999, best iou 0.854961
Train 57, loss: 1.377356, train acc: 0.958400, train avg acc: 0.863173, train iou: 0.869616
Test 57, loss: 1.401248, test acc: 0.942978, test avg acc: 0.852350, test iou: 0.852261, best iou 0.854961
Train 58, loss: 1.376261, train acc: 0.958913, train avg acc: 0.866296, train iou: 0.871057
Test 58, loss: 1.401947, test acc: 0.944459, test avg acc: 0.833637, test iou: 0.854028, best iou 0.854961
Train 59, loss: 1.375800, train acc: 0.959094, train avg acc: 0.866128, train iou: 0.871076
Test 59, loss: 1.403892, test acc: 0.942294, test avg acc: 0.846999, test iou: 0.847428, best iou 0.854961
Train 60, loss: 1.375912, train acc: 0.959088, train avg acc: 0.866678, train iou: 0.871034
Test 60, loss: 1.400382, test acc: 0.944489, test avg acc: 0.855073, test iou: 0.852745, best iou 0.854961
Train 61, loss: 1.374904, train acc: 0.959735, train avg acc: 0.867168, train iou: 0.871870
Test 61, loss: 1.401892, test acc: 0.944156, test avg acc: 0.849736, test iou: 0.848950, best iou 0.854961
Train 62, loss: 1.378634, train acc: 0.957786, train avg acc: 0.862132, train iou: 0.867296
Test 62, loss: 1.401946, test acc: 0.944182, test avg acc: 0.847353, test iou: 0.851462, best iou 0.854961
Train 63, loss: 1.373530, train acc: 0.960052, train avg acc: 0.867920, train iou: 0.872988
Test 63, loss: 1.400549, test acc: 0.945258, test avg acc: 0.851234, test iou: 0.854048, best iou 0.854961
Train 64, loss: 1.373473, train acc: 0.960182, train avg acc: 0.868326, train iou: 0.873487
Test 64, loss: 1.399169, test acc: 0.944652, test avg acc: 0.853442, test iou: 0.853460, best iou 0.854961
Train 65, loss: 1.373298, train acc: 0.959999, train avg acc: 0.869832, train iou: 0.873127
Test 65, loss: 1.402078, test acc: 0.943176, test avg acc: 0.832493, test iou: 0.847238, best iou 0.854961
Train 66, loss: 1.372791, train acc: 0.960448, train avg acc: 0.869425, train iou: 0.873506
Test 66, loss: 1.400236, test acc: 0.944703, test avg acc: 0.847988, test iou: 0.853512, best iou 0.854961
Train 67, loss: 1.371624, train acc: 0.960908, train avg acc: 0.871578, train iou: 0.874913
Test 67, loss: 1.402165, test acc: 0.943910, test avg acc: 0.852802, test iou: 0.847129, best iou 0.854961
Train 68, loss: 1.371892, train acc: 0.960653, train avg acc: 0.872240, train iou: 0.873989
Test 68, loss: 1.399284, test acc: 0.944479, test avg acc: 0.847147, test iou: 0.851462, best iou 0.854961
Train 69, loss: 1.372459, train acc: 0.960584, train avg acc: 0.871077, train iou: 0.873364
Test 69, loss: 1.416907, test acc: 0.935623, test avg acc: 0.835970, test iou: 0.823787, best iou 0.854961
Train 70, loss: 1.370856, train acc: 0.961058, train avg acc: 0.873027, train iou: 0.875538
Test 70, loss: 1.399928, test acc: 0.944981, test avg acc: 0.850315, test iou: 0.851965, best iou 0.854961
Train 71, loss: 1.370438, train acc: 0.961385, train avg acc: 0.874144, train iou: 0.875600
Test 71, loss: 1.398737, test acc: 0.945265, test avg acc: 0.844627, test iou: 0.854730, best iou 0.854961
Train 72, loss: 1.370224, train acc: 0.961487, train avg acc: 0.873887, train iou: 0.876659
Test 72, loss: 1.402192, test acc: 0.943712, test avg acc: 0.839726, test iou: 0.854520, best iou 0.854961
Train 73, loss: 1.369618, train acc: 0.961745, train avg acc: 0.874831, train iou: 0.875558
Test 73, loss: 1.402199, test acc: 0.945197, test avg acc: 0.847570, test iou: 0.856393, best iou 0.854961
Train 74, loss: 1.369390, train acc: 0.961701, train avg acc: 0.874744, train iou: 0.875960
Test 74, loss: 1.407655, test acc: 0.941969, test avg acc: 0.840163, test iou: 0.850579, best iou 0.856393
Train 75, loss: 1.369987, train acc: 0.961514, train avg acc: 0.874806, train iou: 0.876117
Test 75, loss: 1.403261, test acc: 0.944001, test avg acc: 0.836975, test iou: 0.852935, best iou 0.856393
Train 76, loss: 1.368848, train acc: 0.961985, train avg acc: 0.875653, train iou: 0.876520
Test 76, loss: 1.399494, test acc: 0.944688, test avg acc: 0.853526, test iou: 0.853885, best iou 0.856393
Train 77, loss: 1.368534, train acc: 0.962238, train avg acc: 0.877704, train iou: 0.877746
Test 77, loss: 1.398531, test acc: 0.945345, test avg acc: 0.850363, test iou: 0.856376, best iou 0.856393
Train 78, loss: 1.367675, train acc: 0.962449, train avg acc: 0.876984, train iou: 0.878056
Test 78, loss: 1.400197, test acc: 0.945250, test avg acc: 0.855342, test iou: 0.852966, best iou 0.856393
Train 79, loss: 1.367932, train acc: 0.962380, train avg acc: 0.877550, train iou: 0.877675
Test 79, loss: 1.399649, test acc: 0.944817, test avg acc: 0.849367, test iou: 0.854016, best iou 0.856393
Train 80, loss: 1.367662, train acc: 0.962357, train avg acc: 0.877271, train iou: 0.877462
Test 80, loss: 1.396642, test acc: 0.946334, test avg acc: 0.847669, test iou: 0.856166, best iou 0.856393
Train 81, loss: 1.367144, train acc: 0.962553, train avg acc: 0.877057, train iou: 0.877801
Test 81, loss: 1.400481, test acc: 0.944632, test avg acc: 0.844850, test iou: 0.852015, best iou 0.856393
Train 82, loss: 1.366531, train acc: 0.963003, train avg acc: 0.880163, train iou: 0.878883
Test 82, loss: 1.400600, test acc: 0.944666, test avg acc: 0.852311, test iou: 0.851765, best iou 0.856393
Train 83, loss: 1.365896, train acc: 0.963134, train avg acc: 0.880027, train iou: 0.879251
Test 83, loss: 1.398554, test acc: 0.945404, test avg acc: 0.846745, test iou: 0.853104, best iou 0.856393
Train 84, loss: 1.366829, train acc: 0.962718, train avg acc: 0.879386, train iou: 0.878232
Test 84, loss: 1.400435, test acc: 0.943745, test avg acc: 0.845214, test iou: 0.847720, best iou 0.856393
Train 85, loss: 1.365682, train acc: 0.963194, train avg acc: 0.880574, train iou: 0.879974
Test 85, loss: 1.401193, test acc: 0.945095, test avg acc: 0.857966, test iou: 0.855582, best iou 0.856393
Train 86, loss: 1.366169, train acc: 0.963177, train avg acc: 0.880408, train iou: 0.879826
Test 86, loss: 1.397230, test acc: 0.945692, test avg acc: 0.853247, test iou: 0.853565, best iou 0.856393
Train 87, loss: 1.364628, train acc: 0.963659, train avg acc: 0.881620, train iou: 0.880867
Test 87, loss: 1.397032, test acc: 0.945353, test avg acc: 0.851290, test iou: 0.850976, best iou 0.856393
Train 88, loss: 1.364718, train acc: 0.963657, train avg acc: 0.879860, train iou: 0.880322
Test 88, loss: 1.398733, test acc: 0.945488, test avg acc: 0.859515, test iou: 0.852959, best iou 0.856393
Train 89, loss: 1.364186, train acc: 0.963867, train avg acc: 0.881456, train iou: 0.880941
Test 89, loss: 1.402691, test acc: 0.943895, test avg acc: 0.857152, test iou: 0.848861, best iou 0.856393
Train 90, loss: 1.363748, train acc: 0.963927, train avg acc: 0.882844, train iou: 0.881485
Test 90, loss: 1.400771, test acc: 0.944960, test avg acc: 0.856830, test iou: 0.854833, best iou 0.856393
Train 91, loss: 1.363898, train acc: 0.963810, train avg acc: 0.881687, train iou: 0.881802
Test 91, loss: 1.401859, test acc: 0.944426, test avg acc: 0.856951, test iou: 0.852961, best iou 0.856393
Train 92, loss: 1.364368, train acc: 0.963837, train avg acc: 0.883034, train iou: 0.880655
Test 92, loss: 1.399661, test acc: 0.945025, test avg acc: 0.851740, test iou: 0.849460, best iou 0.856393
Train 93, loss: 1.363116, train acc: 0.964162, train avg acc: 0.884091, train iou: 0.882630
Test 93, loss: 1.397569, test acc: 0.945913, test avg acc: 0.852577, test iou: 0.855696, best iou 0.856393
Train 94, loss: 1.363064, train acc: 0.964384, train avg acc: 0.883451, train iou: 0.881872
Test 94, loss: 1.401894, test acc: 0.945008, test avg acc: 0.848197, test iou: 0.851782, best iou 0.856393
Train 95, loss: 1.363059, train acc: 0.964305, train avg acc: 0.884866, train iou: 0.881904
Test 95, loss: 1.397671, test acc: 0.946356, test avg acc: 0.845583, test iou: 0.854166, best iou 0.856393
Train 96, loss: 1.362369, train acc: 0.964563, train avg acc: 0.884365, train iou: 0.882967
Test 96, loss: 1.401476, test acc: 0.945283, test avg acc: 0.851753, test iou: 0.854913, best iou 0.856393
Train 97, loss: 1.361834, train acc: 0.964903, train avg acc: 0.884255, train iou: 0.882899
Test 97, loss: 1.398147, test acc: 0.946062, test avg acc: 0.863282, test iou: 0.853206, best iou 0.856393
Train 98, loss: 1.362744, train acc: 0.964360, train avg acc: 0.884212, train iou: 0.881775
Test 98, loss: 1.398176, test acc: 0.946394, test avg acc: 0.851045, test iou: 0.856477, best iou 0.856393
Train 99, loss: 1.361807, train acc: 0.964907, train avg acc: 0.885499, train iou: 0.884388
Test 99, loss: 1.395456, test acc: 0.947132, test avg acc: 0.851732, test iou: 0.855330, best iou 0.856477
Train 100, loss: 1.361398, train acc: 0.964992, train avg acc: 0.885476, train iou: 0.883936
Test 100, loss: 1.396579, test acc: 0.946780, test avg acc: 0.860574, test iou: 0.855761, best iou 0.856477
Train 101, loss: 1.360940, train acc: 0.965310, train avg acc: 0.887375, train iou: 0.884862
Test 101, loss: 1.399658, test acc: 0.945651, test avg acc: 0.856783, test iou: 0.852544, best iou 0.856477
Train 102, loss: 1.360605, train acc: 0.965262, train avg acc: 0.887806, train iou: 0.884247
Test 102, loss: 1.397378, test acc: 0.946802, test avg acc: 0.859604, test iou: 0.856288, best iou 0.856477
Train 103, loss: 1.360399, train acc: 0.965405, train avg acc: 0.886739, train iou: 0.885016
Test 103, loss: 1.398098, test acc: 0.946495, test avg acc: 0.855723, test iou: 0.856531, best iou 0.856477
Train 104, loss: 1.360047, train acc: 0.965567, train avg acc: 0.888347, train iou: 0.884979
Test 104, loss: 1.395941, test acc: 0.946897, test avg acc: 0.852136, test iou: 0.856241, best iou 0.856531
Train 105, loss: 1.360613, train acc: 0.965232, train avg acc: 0.887004, train iou: 0.883816
Test 105, loss: 1.399028, test acc: 0.946505, test avg acc: 0.859454, test iou: 0.854559, best iou 0.856531
Train 106, loss: 1.359985, train acc: 0.965565, train avg acc: 0.888406, train iou: 0.885184
Test 106, loss: 1.398109, test acc: 0.945871, test avg acc: 0.856938, test iou: 0.852395, best iou 0.856531
Train 107, loss: 1.359574, train acc: 0.965857, train avg acc: 0.888579, train iou: 0.885599
Test 107, loss: 1.396837, test acc: 0.946090, test avg acc: 0.856451, test iou: 0.853301, best iou 0.856531
Train 108, loss: 1.359293, train acc: 0.965906, train avg acc: 0.888266, train iou: 0.886467
Test 108, loss: 1.398930, test acc: 0.946196, test avg acc: 0.853630, test iou: 0.851101, best iou 0.856531
Train 109, loss: 1.359299, train acc: 0.965869, train avg acc: 0.888828, train iou: 0.886813
Test 109, loss: 1.397382, test acc: 0.946342, test avg acc: 0.856856, test iou: 0.855129, best iou 0.856531
Train 110, loss: 1.358780, train acc: 0.966037, train avg acc: 0.890203, train iou: 0.886691
Test 110, loss: 1.398236, test acc: 0.946299, test avg acc: 0.851382, test iou: 0.855251, best iou 0.856531
Train 111, loss: 1.358786, train acc: 0.966153, train avg acc: 0.889666, train iou: 0.886314
Test 111, loss: 1.398125, test acc: 0.946893, test avg acc: 0.852727, test iou: 0.857641, best iou 0.856531
Train 112, loss: 1.358415, train acc: 0.966223, train avg acc: 0.890239, train iou: 0.886955
Test 112, loss: 1.397605, test acc: 0.946347, test avg acc: 0.858318, test iou: 0.851618, best iou 0.857641
Train 113, loss: 1.358141, train acc: 0.966347, train avg acc: 0.890703, train iou: 0.886865
Test 113, loss: 1.398202, test acc: 0.946269, test avg acc: 0.853510, test iou: 0.851969, best iou 0.857641
Train 114, loss: 1.358323, train acc: 0.966279, train avg acc: 0.890037, train iou: 0.887019
Test 114, loss: 1.397643, test acc: 0.946497, test avg acc: 0.857587, test iou: 0.856825, best iou 0.857641
Train 115, loss: 1.358053, train acc: 0.966455, train avg acc: 0.890323, train iou: 0.886941
Test 115, loss: 1.396990, test acc: 0.946801, test avg acc: 0.859227, test iou: 0.854735, best iou 0.857641
Train 116, loss: 1.357739, train acc: 0.966554, train avg acc: 0.890740, train iou: 0.887801
Test 116, loss: 1.398979, test acc: 0.945981, test avg acc: 0.855767, test iou: 0.852135, best iou 0.857641
Train 117, loss: 1.357306, train acc: 0.966729, train avg acc: 0.891989, train iou: 0.888060
Test 117, loss: 1.398751, test acc: 0.946289, test avg acc: 0.859873, test iou: 0.850283, best iou 0.857641
Train 118, loss: 1.357335, train acc: 0.966707, train avg acc: 0.891819, train iou: 0.888174
Test 118, loss: 1.397719, test acc: 0.946821, test avg acc: 0.858176, test iou: 0.856311, best iou 0.857641
Train 119, loss: 1.356579, train acc: 0.966930, train avg acc: 0.892591, train iou: 0.888502
Test 119, loss: 1.397001, test acc: 0.946754, test avg acc: 0.857555, test iou: 0.858246, best iou 0.857641
Train 120, loss: 1.356864, train acc: 0.966874, train avg acc: 0.893015, train iou: 0.888775
Test 120, loss: 1.399304, test acc: 0.946825, test avg acc: 0.857304, test iou: 0.856865, best iou 0.858246
Train 121, loss: 1.356567, train acc: 0.966908, train avg acc: 0.893631, train iou: 0.889168
Test 121, loss: 1.397219, test acc: 0.946395, test avg acc: 0.856716, test iou: 0.858174, best iou 0.858246
Train 122, loss: 1.356228, train acc: 0.967099, train avg acc: 0.893090, train iou: 0.889370
Test 122, loss: 1.398523, test acc: 0.945942, test avg acc: 0.858345, test iou: 0.855702, best iou 0.858246
Train 123, loss: 1.356262, train acc: 0.967159, train avg acc: 0.892874, train iou: 0.889620
Test 123, loss: 1.397871, test acc: 0.946280, test avg acc: 0.855608, test iou: 0.854178, best iou 0.858246
Train 124, loss: 1.355579, train acc: 0.967337, train avg acc: 0.894192, train iou: 0.889919
Test 124, loss: 1.395695, test acc: 0.946991, test avg acc: 0.858518, test iou: 0.855621, best iou 0.858246
Train 125, loss: 1.355870, train acc: 0.967335, train avg acc: 0.894555, train iou: 0.889126
Test 125, loss: 1.399106, test acc: 0.946186, test avg acc: 0.858462, test iou: 0.853147, best iou 0.858246
Train 126, loss: 1.355625, train acc: 0.967363, train avg acc: 0.895294, train iou: 0.889977
Test 126, loss: 1.397111, test acc: 0.946934, test avg acc: 0.854960, test iou: 0.856406, best iou 0.858246
Train 127, loss: 1.355252, train acc: 0.967488, train avg acc: 0.894907, train iou: 0.889761
Test 127, loss: 1.397460, test acc: 0.946616, test avg acc: 0.854835, test iou: 0.857789, best iou 0.858246
Train 128, loss: 1.355429, train acc: 0.967557, train avg acc: 0.894481, train iou: 0.889921
Test 128, loss: 1.396735, test acc: 0.947204, test avg acc: 0.856733, test iou: 0.855155, best iou 0.858246
Train 129, loss: 1.354631, train acc: 0.967841, train avg acc: 0.896039, train iou: 0.890338
Test 129, loss: 1.398239, test acc: 0.947170, test avg acc: 0.856196, test iou: 0.856304, best iou 0.858246
Train 130, loss: 1.355343, train acc: 0.967699, train avg acc: 0.895338, train iou: 0.890861
Test 130, loss: 1.396974, test acc: 0.946744, test avg acc: 0.856137, test iou: 0.857135, best iou 0.858246
Train 131, loss: 1.354658, train acc: 0.967758, train avg acc: 0.895241, train iou: 0.890446
Test 131, loss: 1.396768, test acc: 0.947354, test avg acc: 0.863915, test iou: 0.855846, best iou 0.858246
Train 132, loss: 1.354483, train acc: 0.967856, train avg acc: 0.896479, train iou: 0.890581
Test 132, loss: 1.397153, test acc: 0.947283, test avg acc: 0.862886, test iou: 0.857533, best iou 0.858246
Train 133, loss: 1.353811, train acc: 0.968176, train avg acc: 0.897071, train iou: 0.891793
Test 133, loss: 1.396610, test acc: 0.947372, test avg acc: 0.856734, test iou: 0.854732, best iou 0.858246
Train 134, loss: 1.353869, train acc: 0.968078, train avg acc: 0.896845, train iou: 0.891722
Test 134, loss: 1.396828, test acc: 0.947238, test avg acc: 0.860883, test iou: 0.856131, best iou 0.858246
Train 135, loss: 1.354243, train acc: 0.967991, train avg acc: 0.896831, train iou: 0.891402
Test 135, loss: 1.396362, test acc: 0.947584, test avg acc: 0.858954, test iou: 0.857406, best iou 0.858246
Train 136, loss: 1.353814, train acc: 0.968248, train avg acc: 0.897261, train iou: 0.892547
Test 136, loss: 1.397023, test acc: 0.947242, test avg acc: 0.863532, test iou: 0.857547, best iou 0.858246
Train 137, loss: 1.353578, train acc: 0.968271, train avg acc: 0.897167, train iou: 0.892446
Test 137, loss: 1.395377, test acc: 0.947552, test avg acc: 0.861248, test iou: 0.856361, best iou 0.858246
Train 138, loss: 1.353416, train acc: 0.968307, train avg acc: 0.896971, train iou: 0.892262
Test 138, loss: 1.397573, test acc: 0.947324, test avg acc: 0.865907, test iou: 0.853233, best iou 0.858246
Train 139, loss: 1.353238, train acc: 0.968393, train avg acc: 0.897299, train iou: 0.892729
Test 139, loss: 1.397752, test acc: 0.947709, test avg acc: 0.861879, test iou: 0.856927, best iou 0.858246
Train 140, loss: 1.353134, train acc: 0.968546, train avg acc: 0.897560, train iou: 0.893306
Test 140, loss: 1.396604, test acc: 0.947346, test avg acc: 0.857287, test iou: 0.855849, best iou 0.858246
Train 141, loss: 1.353166, train acc: 0.968480, train avg acc: 0.898142, train iou: 0.892222
Test 141, loss: 1.396049, test acc: 0.947468, test avg acc: 0.861803, test iou: 0.857328, best iou 0.858246
Train 142, loss: 1.352952, train acc: 0.968547, train avg acc: 0.898616, train iou: 0.893480
Test 142, loss: 1.396372, test acc: 0.947474, test avg acc: 0.857138, test iou: 0.855452, best iou 0.858246
Train 143, loss: 1.352963, train acc: 0.968524, train avg acc: 0.898504, train iou: 0.893034
Test 143, loss: 1.396377, test acc: 0.947297, test avg acc: 0.866835, test iou: 0.855127, best iou 0.858246
Train 144, loss: 1.352364, train acc: 0.968796, train avg acc: 0.898661, train iou: 0.893551
Test 144, loss: 1.395501, test acc: 0.947835, test avg acc: 0.865909, test iou: 0.857766, best iou 0.858246
Train 145, loss: 1.352539, train acc: 0.968683, train avg acc: 0.899265, train iou: 0.893460
Test 145, loss: 1.396731, test acc: 0.947719, test avg acc: 0.862260, test iou: 0.855809, best iou 0.858246
Train 146, loss: 1.352618, train acc: 0.968709, train avg acc: 0.899494, train iou: 0.893903
Test 146, loss: 1.396575, test acc: 0.947422, test avg acc: 0.865524, test iou: 0.855999, best iou 0.858246
Train 147, loss: 1.351987, train acc: 0.968882, train avg acc: 0.899938, train iou: 0.893999
Test 147, loss: 1.396740, test acc: 0.947441, test avg acc: 0.861408, test iou: 0.856686, best iou 0.858246
Train 148, loss: 1.352252, train acc: 0.968854, train avg acc: 0.899024, train iou: 0.894419
Test 148, loss: 1.396356, test acc: 0.947960, test avg acc: 0.859455, test iou: 0.856484, best iou 0.858246
Train 149, loss: 1.352090, train acc: 0.968893, train avg acc: 0.899894, train iou: 0.893797
Test 149, loss: 1.397205, test acc: 0.947844, test avg acc: 0.865071, test iou: 0.855256, best iou 0.858246
Train 150, loss: 1.351872, train acc: 0.969064, train avg acc: 0.899955, train iou: 0.894675
Test 150, loss: 1.396558, test acc: 0.947368, test avg acc: 0.859939, test iou: 0.857997, best iou 0.858246
Train 151, loss: 1.351484, train acc: 0.969147, train avg acc: 0.901200, train iou: 0.894273
Test 151, loss: 1.394829, test acc: 0.947916, test avg acc: 0.861287, test iou: 0.856719, best iou 0.858246
Train 152, loss: 1.351943, train acc: 0.969009, train avg acc: 0.900405, train iou: 0.894377
Test 152, loss: 1.396444, test acc: 0.947490, test avg acc: 0.866273, test iou: 0.856480, best iou 0.858246
Train 153, loss: 1.351436, train acc: 0.969179, train avg acc: 0.901195, train iou: 0.894872
Test 153, loss: 1.396227, test acc: 0.947601, test avg acc: 0.862962, test iou: 0.855274, best iou 0.858246
Train 154, loss: 1.351314, train acc: 0.969304, train avg acc: 0.901687, train iou: 0.894914
Test 154, loss: 1.396579, test acc: 0.947462, test avg acc: 0.866396, test iou: 0.856096, best iou 0.858246
Train 155, loss: 1.351178, train acc: 0.969293, train avg acc: 0.901851, train iou: 0.894746
Test 155, loss: 1.397238, test acc: 0.947378, test avg acc: 0.862163, test iou: 0.856306, best iou 0.858246
Train 156, loss: 1.351198, train acc: 0.969267, train avg acc: 0.900904, train iou: 0.894809
Test 156, loss: 1.396386, test acc: 0.947729, test avg acc: 0.863836, test iou: 0.855701, best iou 0.858246
Train 157, loss: 1.351142, train acc: 0.969230, train avg acc: 0.900951, train iou: 0.894821
Test 157, loss: 1.395588, test acc: 0.947631, test avg acc: 0.862448, test iou: 0.856403, best iou 0.858246
Train 158, loss: 1.350984, train acc: 0.969394, train avg acc: 0.902206, train iou: 0.895589
Test 158, loss: 1.396630, test acc: 0.947657, test avg acc: 0.861806, test iou: 0.857331, best iou 0.858246
Train 159, loss: 1.350910, train acc: 0.969464, train avg acc: 0.901247, train iou: 0.895855
Test 159, loss: 1.397323, test acc: 0.947341, test avg acc: 0.867404, test iou: 0.855409, best iou 0.858246
Train 160, loss: 1.350871, train acc: 0.969411, train avg acc: 0.901806, train iou: 0.895023
Test 160, loss: 1.396255, test acc: 0.947651, test avg acc: 0.866300, test iou: 0.857553, best iou 0.858246
Train 161, loss: 1.350879, train acc: 0.969478, train avg acc: 0.901581, train iou: 0.895239
Test 161, loss: 1.395670, test acc: 0.948088, test avg acc: 0.863125, test iou: 0.856600, best iou 0.858246
Train 162, loss: 1.350701, train acc: 0.969466, train avg acc: 0.901892, train iou: 0.895424
Test 162, loss: 1.396518, test acc: 0.947493, test avg acc: 0.863323, test iou: 0.856380, best iou 0.858246
Train 163, loss: 1.350873, train acc: 0.969479, train avg acc: 0.902358, train iou: 0.895112
Test 163, loss: 1.395529, test acc: 0.947628, test avg acc: 0.863438, test iou: 0.855348, best iou 0.858246
Train 164, loss: 1.350481, train acc: 0.969637, train avg acc: 0.902117, train iou: 0.896038
Test 164, loss: 1.397011, test acc: 0.947597, test avg acc: 0.866311, test iou: 0.856886, best iou 0.858246
Train 165, loss: 1.350686, train acc: 0.969565, train avg acc: 0.902405, train iou: 0.895695
Test 165, loss: 1.396248, test acc: 0.947906, test avg acc: 0.864248, test iou: 0.856510, best iou 0.858246
Train 166, loss: 1.350747, train acc: 0.969628, train avg acc: 0.901706, train iou: 0.895721
Test 166, loss: 1.396462, test acc: 0.947670, test avg acc: 0.864642, test iou: 0.856096, best iou 0.858246
Train 167, loss: 1.350217, train acc: 0.969762, train avg acc: 0.903048, train iou: 0.896294
Test 167, loss: 1.394946, test acc: 0.948078, test avg acc: 0.865388, test iou: 0.858096, best iou 0.858246
Train 168, loss: 1.350203, train acc: 0.969735, train avg acc: 0.902297, train iou: 0.896283
Test 168, loss: 1.396064, test acc: 0.947455, test avg acc: 0.865447, test iou: 0.855562, best iou 0.858246
Train 169, loss: 1.350470, train acc: 0.969703, train avg acc: 0.902873, train iou: 0.896423
Test 169, loss: 1.397236, test acc: 0.947441, test avg acc: 0.863067, test iou: 0.856926, best iou 0.858246
Train 170, loss: 1.350272, train acc: 0.969764, train avg acc: 0.902892, train iou: 0.896469
Test 170, loss: 1.395743, test acc: 0.947816, test avg acc: 0.866340, test iou: 0.856513, best iou 0.858246
Train 171, loss: 1.350124, train acc: 0.969828, train avg acc: 0.903590, train iou: 0.896679
Test 171, loss: 1.396205, test acc: 0.947727, test avg acc: 0.863428, test iou: 0.856687, best iou 0.858246
Train 172, loss: 1.349840, train acc: 0.969932, train avg acc: 0.903283, train iou: 0.896810
Test 172, loss: 1.396229, test acc: 0.947757, test avg acc: 0.864739, test iou: 0.856128, best iou 0.858246
Train 173, loss: 1.349880, train acc: 0.969886, train avg acc: 0.902449, train iou: 0.896398
Test 173, loss: 1.396913, test acc: 0.947487, test avg acc: 0.864588, test iou: 0.856399, best iou 0.858246
Train 174, loss: 1.349990, train acc: 0.969885, train avg acc: 0.902941, train iou: 0.897038
Test 174, loss: 1.396687, test acc: 0.947813, test avg acc: 0.865669, test iou: 0.855279, best iou 0.858246
Train 175, loss: 1.349943, train acc: 0.969811, train avg acc: 0.903257, train iou: 0.896323
Test 175, loss: 1.396321, test acc: 0.947809, test avg acc: 0.864810, test iou: 0.856767, best iou 0.858246
Train 176, loss: 1.349561, train acc: 0.970006, train avg acc: 0.903581, train iou: 0.897297
Test 176, loss: 1.396373, test acc: 0.947793, test avg acc: 0.864332, test iou: 0.858040, best iou 0.858246
Train 177, loss: 1.349854, train acc: 0.969966, train avg acc: 0.903077, train iou: 0.897309
Test 177, loss: 1.397544, test acc: 0.947516, test avg acc: 0.861833, test iou: 0.857779, best iou 0.858246
Train 178, loss: 1.349589, train acc: 0.969966, train avg acc: 0.903865, train iou: 0.897345
Test 178, loss: 1.397443, test acc: 0.947366, test avg acc: 0.865656, test iou: 0.856765, best iou 0.858246
Train 179, loss: 1.350027, train acc: 0.969878, train avg acc: 0.903156, train iou: 0.897587
Test 179, loss: 1.396761, test acc: 0.947880, test avg acc: 0.864844, test iou: 0.858603, best iou 0.858246
Train 180, loss: 1.349798, train acc: 0.969929, train avg acc: 0.903645, train iou: 0.896953
Test 180, loss: 1.396650, test acc: 0.947823, test avg acc: 0.863747, test iou: 0.855736, best iou 0.858603
Train 181, loss: 1.349712, train acc: 0.969981, train avg acc: 0.903541, train iou: 0.896813
Test 181, loss: 1.396626, test acc: 0.947665, test avg acc: 0.867808, test iou: 0.857406, best iou 0.858603
Train 182, loss: 1.349487, train acc: 0.970018, train avg acc: 0.903378, train iou: 0.896605
Test 182, loss: 1.396481, test acc: 0.947708, test avg acc: 0.864247, test iou: 0.856448, best iou 0.858603
Train 183, loss: 1.349437, train acc: 0.970079, train avg acc: 0.904773, train iou: 0.897068
Test 183, loss: 1.396938, test acc: 0.947653, test avg acc: 0.866401, test iou: 0.857420, best iou 0.858603
Train 184, loss: 1.349904, train acc: 0.969937, train avg acc: 0.903889, train iou: 0.896186
Test 184, loss: 1.396519, test acc: 0.947742, test avg acc: 0.867567, test iou: 0.857639, best iou 0.858603
Train 185, loss: 1.349543, train acc: 0.970119, train avg acc: 0.904361, train iou: 0.897656
Test 185, loss: 1.397674, test acc: 0.947777, test avg acc: 0.868424, test iou: 0.858186, best iou 0.858603
Train 186, loss: 1.349571, train acc: 0.969968, train avg acc: 0.903428, train iou: 0.896221
Test 186, loss: 1.396392, test acc: 0.947777, test avg acc: 0.866263, test iou: 0.856427, best iou 0.858603
Train 187, loss: 1.349446, train acc: 0.970119, train avg acc: 0.904932, train iou: 0.897197
Test 187, loss: 1.396616, test acc: 0.947792, test avg acc: 0.862497, test iou: 0.857168, best iou 0.858603
Train 188, loss: 1.349394, train acc: 0.970067, train avg acc: 0.903628, train iou: 0.896762
Test 188, loss: 1.397170, test acc: 0.947771, test avg acc: 0.866560, test iou: 0.857985, best iou 0.858603
Train 189, loss: 1.349595, train acc: 0.970093, train avg acc: 0.904488, train iou: 0.897704
Test 189, loss: 1.397130, test acc: 0.947931, test avg acc: 0.863952, test iou: 0.857306, best iou 0.858603
