Namespace(exp_name='curvenet_cls_4', dataset='modelnet40', batch_size=32, test_batch_size=16, epochs=200, use_sgd=False, lr=0.001, momentum=0.9, scheduler='cos', eval=False, num_points=2048, model_path='')
random seed is: 612
Let's use cuda:0
Use AdamW
Train 0, loss: 2.447427, train acc: 0.541735
Test 0, loss: 2.037935, test acc: 0.701783
best: 0.702
Train 1, loss: 1.977388, train acc: 0.729336
Test 1, loss: 1.856721, test acc: 0.787277
best: 0.787
Train 2, loss: 1.846191, train acc: 0.790106
Test 2, loss: 1.853819, test acc: 0.777147
best: 0.787
Train 3, loss: 1.772260, train acc: 0.821865
Test 3, loss: 1.718969, test acc: 0.847650
best: 0.848
Train 4, loss: 1.727004, train acc: 0.842732
Test 4, loss: 1.651809, test acc: 0.854133
best: 0.854
Train 5, loss: 1.681142, train acc: 0.859935
Test 5, loss: 1.637816, test acc: 0.878039
best: 0.878
Train 6, loss: 1.644804, train acc: 0.879581
Test 6, loss: 1.635714, test acc: 0.878444
best: 0.878
Train 7, loss: 1.634871, train acc: 0.880599
Test 7, loss: 1.593453, test acc: 0.884522
best: 0.885
Train 8, loss: 1.611244, train acc: 0.890269
Test 8, loss: 1.563055, test acc: 0.888169
best: 0.888
Train 9, loss: 1.591847, train acc: 0.892406
Test 9, loss: 1.563394, test acc: 0.902755
best: 0.903
Train 10, loss: 1.575941, train acc: 0.898717
Test 10, loss: 1.544256, test acc: 0.908833
best: 0.909
Train 11, loss: 1.565674, train acc: 0.903909
Test 11, loss: 1.562040, test acc: 0.892626
best: 0.909
Train 12, loss: 1.553688, train acc: 0.910831
Test 12, loss: 1.539403, test acc: 0.902350
best: 0.909
Train 13, loss: 1.537989, train acc: 0.917142
Test 13, loss: 1.543669, test acc: 0.896677
best: 0.909
Train 14, loss: 1.531734, train acc: 0.920399
Test 14, loss: 1.555934, test acc: 0.898703
best: 0.909
Train 15, loss: 1.514300, train acc: 0.924980
Test 15, loss: 1.497064, test acc: 0.923420
best: 0.923
Train 16, loss: 1.506755, train acc: 0.930375
Test 16, loss: 1.508566, test acc: 0.912480
best: 0.923
Train 17, loss: 1.502942, train acc: 0.930782
Test 17, loss: 1.518330, test acc: 0.902755
best: 0.923
Train 18, loss: 1.498211, train acc: 0.932207
Test 18, loss: 1.499601, test acc: 0.916532
best: 0.923
Train 19, loss: 1.489244, train acc: 0.936075
Test 19, loss: 1.528271, test acc: 0.898298
best: 0.923
Train 20, loss: 1.476760, train acc: 0.942182
Test 20, loss: 1.481652, test acc: 0.918963
best: 0.923
Train 21, loss: 1.476487, train acc: 0.940859
Test 21, loss: 1.498978, test acc: 0.912075
best: 0.923
Train 22, loss: 1.465466, train acc: 0.944524
Test 22, loss: 1.553360, test acc: 0.912480
best: 0.923
Train 23, loss: 1.465507, train acc: 0.944829
Test 23, loss: 1.512886, test acc: 0.908023
best: 0.923
Train 24, loss: 1.462129, train acc: 0.944422
Test 24, loss: 1.482683, test acc: 0.925851
best: 0.926
Train 25, loss: 1.456340, train acc: 0.947170
Test 25, loss: 1.493273, test acc: 0.914506
best: 0.926
Train 26, loss: 1.451377, train acc: 0.950631
Test 26, loss: 1.471541, test acc: 0.918152
best: 0.926
Train 27, loss: 1.443555, train acc: 0.952871
Test 27, loss: 1.520288, test acc: 0.912885
best: 0.926
Train 28, loss: 1.439747, train acc: 0.954601
Test 28, loss: 1.466468, test acc: 0.921394
best: 0.926
Train 29, loss: 1.440874, train acc: 0.954397
Test 29, loss: 1.483921, test acc: 0.921394
best: 0.926
Train 30, loss: 1.435847, train acc: 0.955008
Test 30, loss: 1.545173, test acc: 0.910454
best: 0.926
Train 31, loss: 1.430756, train acc: 0.957146
Test 31, loss: 1.460290, test acc: 0.919368
best: 0.926
Train 32, loss: 1.428189, train acc: 0.961319
Test 32, loss: 1.470175, test acc: 0.923825
best: 0.926
Train 33, loss: 1.420941, train acc: 0.963151
Test 33, loss: 1.495815, test acc: 0.908428
best: 0.926
Train 34, loss: 1.418323, train acc: 0.962541
Test 34, loss: 1.461652, test acc: 0.919368
best: 0.926
Train 35, loss: 1.415579, train acc: 0.962643
Test 35, loss: 1.450385, test acc: 0.931929
best: 0.932
Train 36, loss: 1.411203, train acc: 0.967732
Test 36, loss: 1.470077, test acc: 0.922204
best: 0.932
Train 37, loss: 1.410877, train acc: 0.967630
Test 37, loss: 1.479136, test acc: 0.923825
best: 0.932
Train 38, loss: 1.404450, train acc: 0.969259
Test 38, loss: 1.514416, test acc: 0.907212
best: 0.932
Train 39, loss: 1.404686, train acc: 0.969157
Test 39, loss: 1.502796, test acc: 0.902755
best: 0.932
Train 40, loss: 1.399434, train acc: 0.969971
Test 40, loss: 1.462890, test acc: 0.925446
best: 0.932
Train 41, loss: 1.399708, train acc: 0.970582
Test 41, loss: 1.502703, test acc: 0.912885
best: 0.932
Train 42, loss: 1.400618, train acc: 0.967223
Test 42, loss: 1.482127, test acc: 0.915316
best: 0.932
Train 43, loss: 1.394939, train acc: 0.972516
Test 43, loss: 1.462461, test acc: 0.920989
best: 0.932
Train 44, loss: 1.395316, train acc: 0.972007
Test 44, loss: 1.465316, test acc: 0.920583
best: 0.932
Train 45, loss: 1.393619, train acc: 0.971600
Test 45, loss: 1.509918, test acc: 0.897488
best: 0.932
Train 46, loss: 1.386193, train acc: 0.975061
Test 46, loss: 1.451369, test acc: 0.921394
best: 0.932
Train 47, loss: 1.388049, train acc: 0.973636
Test 47, loss: 1.460187, test acc: 0.914506
best: 0.932
Train 48, loss: 1.384843, train acc: 0.974756
Test 48, loss: 1.445781, test acc: 0.927472
best: 0.932
Train 49, loss: 1.378339, train acc: 0.978420
Test 49, loss: 1.441442, test acc: 0.926661
best: 0.932
Train 50, loss: 1.377610, train acc: 0.977402
Test 50, loss: 1.452708, test acc: 0.928282
best: 0.932
Train 51, loss: 1.380850, train acc: 0.977606
Test 51, loss: 1.460620, test acc: 0.916937
best: 0.932
Train 52, loss: 1.375510, train acc: 0.979947
Test 52, loss: 1.466231, test acc: 0.927877
best: 0.932
Train 53, loss: 1.373416, train acc: 0.980456
Test 53, loss: 1.477033, test acc: 0.911264
best: 0.932
Train 54, loss: 1.375869, train acc: 0.980151
Test 54, loss: 1.521400, test acc: 0.908833
best: 0.932
Train 55, loss: 1.372256, train acc: 0.979540
Test 55, loss: 1.461591, test acc: 0.931524
best: 0.932
Train 56, loss: 1.366840, train acc: 0.982186
Test 56, loss: 1.482536, test acc: 0.921799
best: 0.932
Train 57, loss: 1.370444, train acc: 0.981779
Test 57, loss: 1.446701, test acc: 0.924230
best: 0.932
Train 58, loss: 1.363801, train acc: 0.982695
Test 58, loss: 1.465401, test acc: 0.918152
best: 0.932
Train 59, loss: 1.366376, train acc: 0.981983
Test 59, loss: 1.440074, test acc: 0.930713
best: 0.932
Train 60, loss: 1.360711, train acc: 0.983612
Test 60, loss: 1.460277, test acc: 0.916532
best: 0.932
Train 61, loss: 1.359045, train acc: 0.984528
Test 61, loss: 1.481408, test acc: 0.920178
best: 0.932
Train 62, loss: 1.359090, train acc: 0.983612
Test 62, loss: 1.450175, test acc: 0.916532
best: 0.932
Train 63, loss: 1.361622, train acc: 0.983612
Test 63, loss: 1.445507, test acc: 0.924635
best: 0.932
Train 64, loss: 1.357550, train acc: 0.985037
Test 64, loss: 1.451239, test acc: 0.920989
best: 0.932
Train 65, loss: 1.354138, train acc: 0.986258
Test 65, loss: 1.445978, test acc: 0.923825
best: 0.932
Train 66, loss: 1.354783, train acc: 0.985037
Test 66, loss: 1.437739, test acc: 0.926661
best: 0.932
Train 67, loss: 1.352248, train acc: 0.987581
Test 67, loss: 1.440673, test acc: 0.929903
best: 0.932
Train 68, loss: 1.350644, train acc: 0.988701
Test 68, loss: 1.447003, test acc: 0.928282
best: 0.932
Train 69, loss: 1.350484, train acc: 0.985138
Test 69, loss: 1.437005, test acc: 0.926661
best: 0.932
Train 70, loss: 1.349395, train acc: 0.988294
Test 70, loss: 1.460406, test acc: 0.923825
best: 0.932
Train 71, loss: 1.348781, train acc: 0.987887
Test 71, loss: 1.442057, test acc: 0.925446
best: 0.932
Train 72, loss: 1.347690, train acc: 0.987581
Test 72, loss: 1.445187, test acc: 0.925446
best: 0.932
Train 73, loss: 1.348092, train acc: 0.986971
Test 73, loss: 1.490377, test acc: 0.914911
best: 0.932
Train 74, loss: 1.346454, train acc: 0.987989
Test 74, loss: 1.428223, test acc: 0.931118
best: 0.932
Train 75, loss: 1.344395, train acc: 0.988090
Test 75, loss: 1.473674, test acc: 0.914911
best: 0.932
Train 76, loss: 1.340682, train acc: 0.989414
Test 76, loss: 1.451735, test acc: 0.928282
best: 0.932
Train 77, loss: 1.340239, train acc: 0.990126
Test 77, loss: 1.436308, test acc: 0.929092
best: 0.932
Train 78, loss: 1.339880, train acc: 0.989719
Test 78, loss: 1.451817, test acc: 0.927877
best: 0.932
Train 79, loss: 1.338613, train acc: 0.989923
Test 79, loss: 1.440747, test acc: 0.921394
best: 0.932
Train 80, loss: 1.338129, train acc: 0.990330
Test 80, loss: 1.463848, test acc: 0.928282
best: 0.932
Train 81, loss: 1.334217, train acc: 0.992569
Test 81, loss: 1.436420, test acc: 0.928687
best: 0.932
Train 82, loss: 1.333390, train acc: 0.991246
Test 82, loss: 1.434851, test acc: 0.925446
best: 0.932
Train 83, loss: 1.333927, train acc: 0.992671
Test 83, loss: 1.442353, test acc: 0.921799
best: 0.932
Train 84, loss: 1.332369, train acc: 0.991755
Test 84, loss: 1.442739, test acc: 0.923015
best: 0.932
Train 85, loss: 1.333906, train acc: 0.991958
Test 85, loss: 1.436744, test acc: 0.925851
best: 0.932
Train 86, loss: 1.332395, train acc: 0.991755
Test 86, loss: 1.437025, test acc: 0.927066
best: 0.932
Train 87, loss: 1.328769, train acc: 0.992773
Test 87, loss: 1.454172, test acc: 0.919368
best: 0.932
Train 88, loss: 1.329836, train acc: 0.991653
Test 88, loss: 1.461484, test acc: 0.917747
best: 0.932
Train 89, loss: 1.328873, train acc: 0.992773
Test 89, loss: 1.440732, test acc: 0.931929
best: 0.932
Train 90, loss: 1.327298, train acc: 0.992875
Test 90, loss: 1.430538, test acc: 0.927066
best: 0.932
Train 91, loss: 1.327194, train acc: 0.993282
Test 91, loss: 1.433406, test acc: 0.927877
best: 0.932
Train 92, loss: 1.325651, train acc: 0.993384
Test 92, loss: 1.443413, test acc: 0.923015
best: 0.932
Train 93, loss: 1.323687, train acc: 0.994300
Test 93, loss: 1.449716, test acc: 0.920583
best: 0.932
Train 94, loss: 1.324194, train acc: 0.993485
Test 94, loss: 1.461676, test acc: 0.922204
best: 0.932
Train 95, loss: 1.322917, train acc: 0.995419
Test 95, loss: 1.447237, test acc: 0.922609
best: 0.932
Train 96, loss: 1.322902, train acc: 0.994096
Test 96, loss: 1.451728, test acc: 0.927472
best: 0.932
Train 97, loss: 1.320760, train acc: 0.994910
Test 97, loss: 1.436926, test acc: 0.928282
best: 0.932
Train 98, loss: 1.322386, train acc: 0.995318
Test 98, loss: 1.452622, test acc: 0.927877
best: 0.932
Train 99, loss: 1.320886, train acc: 0.995012
Test 99, loss: 1.444214, test acc: 0.919773
best: 0.932
Train 100, loss: 1.318562, train acc: 0.996030
Test 100, loss: 1.438538, test acc: 0.928687
best: 0.932
Train 101, loss: 1.319370, train acc: 0.995114
Test 101, loss: 1.454688, test acc: 0.923420
best: 0.932
Train 102, loss: 1.317213, train acc: 0.995827
Test 102, loss: 1.455216, test acc: 0.927472
best: 0.932
Train 103, loss: 1.318936, train acc: 0.995216
Test 103, loss: 1.429347, test acc: 0.932334
best: 0.932
Train 104, loss: 1.315408, train acc: 0.996234
Test 104, loss: 1.446522, test acc: 0.933144
best: 0.933
Train 105, loss: 1.317656, train acc: 0.995623
Test 105, loss: 1.439344, test acc: 0.929903
best: 0.933
Train 106, loss: 1.316554, train acc: 0.995012
Test 106, loss: 1.458960, test acc: 0.923420
best: 0.933
Train 107, loss: 1.314028, train acc: 0.997455
Test 107, loss: 1.433304, test acc: 0.932334
best: 0.933
Train 108, loss: 1.315532, train acc: 0.996030
Test 108, loss: 1.427843, test acc: 0.929092
best: 0.933
Train 109, loss: 1.314211, train acc: 0.996336
Test 109, loss: 1.428505, test acc: 0.932739
best: 0.933
Train 110, loss: 1.313116, train acc: 0.996539
Test 110, loss: 1.431978, test acc: 0.931524
best: 0.933
Train 111, loss: 1.311385, train acc: 0.996946
Test 111, loss: 1.433072, test acc: 0.925851
best: 0.933
Train 112, loss: 1.311161, train acc: 0.997353
Test 112, loss: 1.441652, test acc: 0.923420
best: 0.933
Train 113, loss: 1.311353, train acc: 0.997455
Test 113, loss: 1.437930, test acc: 0.930713
best: 0.933
Train 114, loss: 1.309946, train acc: 0.997353
Test 114, loss: 1.424680, test acc: 0.933549
best: 0.934
Train 115, loss: 1.310061, train acc: 0.996743
Test 115, loss: 1.429959, test acc: 0.933955
best: 0.934
Train 116, loss: 1.309037, train acc: 0.998066
Test 116, loss: 1.423877, test acc: 0.931118
best: 0.934
Train 117, loss: 1.308214, train acc: 0.997455
Test 117, loss: 1.432065, test acc: 0.929498
best: 0.934
Train 118, loss: 1.306553, train acc: 0.997659
Test 118, loss: 1.423073, test acc: 0.932334
best: 0.934
Train 119, loss: 1.308680, train acc: 0.997862
Test 119, loss: 1.423728, test acc: 0.932334
best: 0.934
Train 120, loss: 1.308092, train acc: 0.996437
Test 120, loss: 1.429805, test acc: 0.929903
best: 0.934
Train 121, loss: 1.307850, train acc: 0.996743
Test 121, loss: 1.421773, test acc: 0.933144
best: 0.934
Train 122, loss: 1.305901, train acc: 0.997659
Test 122, loss: 1.441668, test acc: 0.928282
best: 0.934
Train 123, loss: 1.304999, train acc: 0.997252
Test 123, loss: 1.441698, test acc: 0.928282
best: 0.934
Train 124, loss: 1.305067, train acc: 0.997964
Test 124, loss: 1.431215, test acc: 0.925851
best: 0.934
Train 125, loss: 1.302821, train acc: 0.998779
Test 125, loss: 1.419731, test acc: 0.931929
best: 0.934
Train 126, loss: 1.304766, train acc: 0.997252
Test 126, loss: 1.421634, test acc: 0.929092
best: 0.934
Train 127, loss: 1.303545, train acc: 0.998371
Test 127, loss: 1.427083, test acc: 0.929903
best: 0.934
Train 128, loss: 1.302606, train acc: 0.997964
Test 128, loss: 1.426438, test acc: 0.928282
best: 0.934
Train 129, loss: 1.304703, train acc: 0.997252
Test 129, loss: 1.423261, test acc: 0.928687
best: 0.934
Train 130, loss: 1.302699, train acc: 0.998168
Test 130, loss: 1.424034, test acc: 0.932334
best: 0.934
Train 131, loss: 1.301148, train acc: 0.998575
Test 131, loss: 1.419907, test acc: 0.932334
best: 0.934
Train 132, loss: 1.302221, train acc: 0.998473
Test 132, loss: 1.430729, test acc: 0.930308
best: 0.934
Train 133, loss: 1.300939, train acc: 0.998575
Test 133, loss: 1.432491, test acc: 0.928687
best: 0.934
Train 134, loss: 1.301413, train acc: 0.998371
Test 134, loss: 1.426466, test acc: 0.929903
best: 0.934
Train 135, loss: 1.301593, train acc: 0.998066
Test 135, loss: 1.427153, test acc: 0.930713
best: 0.934
Train 136, loss: 1.299256, train acc: 0.998982
Test 136, loss: 1.425050, test acc: 0.929498
best: 0.934
Train 137, loss: 1.299702, train acc: 0.998677
Test 137, loss: 1.427062, test acc: 0.930308
best: 0.934
Train 138, loss: 1.300188, train acc: 0.998371
Test 138, loss: 1.426273, test acc: 0.930713
best: 0.934
Train 139, loss: 1.298646, train acc: 0.999593
Test 139, loss: 1.428750, test acc: 0.930713
best: 0.934
Train 140, loss: 1.299392, train acc: 0.998880
Test 140, loss: 1.430868, test acc: 0.926256
best: 0.934
Train 141, loss: 1.298925, train acc: 0.998575
Test 141, loss: 1.425810, test acc: 0.930713
best: 0.934
Train 142, loss: 1.297388, train acc: 0.998677
Test 142, loss: 1.427069, test acc: 0.927877
best: 0.934
Train 143, loss: 1.298127, train acc: 0.998880
Test 143, loss: 1.429980, test acc: 0.928282
best: 0.934
Train 144, loss: 1.297352, train acc: 0.999084
Test 144, loss: 1.423482, test acc: 0.933955
best: 0.934
Train 145, loss: 1.297468, train acc: 0.999186
Test 145, loss: 1.428084, test acc: 0.927472
best: 0.934
Train 146, loss: 1.296039, train acc: 0.998982
Test 146, loss: 1.423431, test acc: 0.929903
best: 0.934
Train 147, loss: 1.297153, train acc: 0.998677
Test 147, loss: 1.427316, test acc: 0.927877
best: 0.934
Train 148, loss: 1.296895, train acc: 0.999491
Test 148, loss: 1.428611, test acc: 0.928282
best: 0.934
Train 149, loss: 1.297348, train acc: 0.998779
Test 149, loss: 1.433598, test acc: 0.928687
best: 0.934
Train 150, loss: 1.295683, train acc: 0.999389
Test 150, loss: 1.421416, test acc: 0.935170
best: 0.935
Train 151, loss: 1.294455, train acc: 0.999389
Test 151, loss: 1.427613, test acc: 0.931524
best: 0.935
Train 152, loss: 1.295480, train acc: 0.998880
Test 152, loss: 1.432446, test acc: 0.929498
best: 0.935
Train 153, loss: 1.294343, train acc: 0.999695
Test 153, loss: 1.426653, test acc: 0.931929
best: 0.935
Train 154, loss: 1.294626, train acc: 0.998779
Test 154, loss: 1.430045, test acc: 0.930713
best: 0.935
Train 155, loss: 1.295144, train acc: 0.999491
Test 155, loss: 1.425352, test acc: 0.933144
best: 0.935
Train 156, loss: 1.294069, train acc: 0.999695
Test 156, loss: 1.429107, test acc: 0.933549
best: 0.935
Train 157, loss: 1.293351, train acc: 0.999695
Test 157, loss: 1.426469, test acc: 0.931524
best: 0.935
Train 158, loss: 1.293512, train acc: 0.999593
Test 158, loss: 1.427052, test acc: 0.927066
best: 0.935
Train 159, loss: 1.293145, train acc: 0.999491
Test 159, loss: 1.423437, test acc: 0.931524
best: 0.935
Train 160, loss: 1.293127, train acc: 0.999695
Test 160, loss: 1.425781, test acc: 0.931929
best: 0.935
Train 161, loss: 1.293034, train acc: 0.999491
Test 161, loss: 1.426109, test acc: 0.930308
best: 0.935
Train 162, loss: 1.292581, train acc: 0.999287
Test 162, loss: 1.423523, test acc: 0.932739
best: 0.935
Train 163, loss: 1.292764, train acc: 0.999491
Test 163, loss: 1.428600, test acc: 0.926661
best: 0.935
Train 164, loss: 1.293011, train acc: 0.999287
Test 164, loss: 1.425689, test acc: 0.929903
best: 0.935
Train 165, loss: 1.291719, train acc: 0.999186
Test 165, loss: 1.423526, test acc: 0.932334
best: 0.935
Train 166, loss: 1.293607, train acc: 0.999796
Test 166, loss: 1.428561, test acc: 0.929092
best: 0.935
Train 167, loss: 1.292219, train acc: 0.999186
Test 167, loss: 1.428262, test acc: 0.926661
best: 0.935
Train 168, loss: 1.293749, train acc: 0.999491
Test 168, loss: 1.426718, test acc: 0.928282
best: 0.935
Train 169, loss: 1.291453, train acc: 0.999898
Test 169, loss: 1.422010, test acc: 0.933144
best: 0.935
Train 170, loss: 1.291892, train acc: 0.999593
Test 170, loss: 1.425847, test acc: 0.929903
best: 0.935
Train 171, loss: 1.290201, train acc: 0.999796
Test 171, loss: 1.427339, test acc: 0.927877
best: 0.935
Train 172, loss: 1.291305, train acc: 0.999695
Test 172, loss: 1.425346, test acc: 0.931524
best: 0.935
Train 173, loss: 1.291669, train acc: 0.999287
Test 173, loss: 1.423139, test acc: 0.932334
best: 0.935
Train 174, loss: 1.291429, train acc: 0.999593
Test 174, loss: 1.424001, test acc: 0.933144
best: 0.935
Train 175, loss: 1.292195, train acc: 0.999593
Test 175, loss: 1.426796, test acc: 0.930713
best: 0.935
Train 176, loss: 1.291260, train acc: 0.999695
Test 176, loss: 1.426894, test acc: 0.928687
best: 0.935
Train 177, loss: 1.290693, train acc: 0.999898
Test 177, loss: 1.427143, test acc: 0.930713
best: 0.935
Train 178, loss: 1.292054, train acc: 0.999593
Test 178, loss: 1.425047, test acc: 0.929903
best: 0.935
Train 179, loss: 1.291729, train acc: 1.000000
Test 179, loss: 1.423933, test acc: 0.929092
best: 0.935
Train 180, loss: 1.290720, train acc: 0.999084
Test 180, loss: 1.426848, test acc: 0.929903
best: 0.935
Train 181, loss: 1.291362, train acc: 0.999287
Test 181, loss: 1.426512, test acc: 0.928282
best: 0.935
Train 182, loss: 1.291818, train acc: 0.999593
Test 182, loss: 1.427170, test acc: 0.931524
best: 0.935
